{
  "RSpec": {
    "coverage": {
      "/Users/cajugler/ada/project_forks/ada-capstone/app/models/place.rb": [
        1,
        null,
        1,
        1,
        1,
        1,
        null,
        null,
        1,
        1,
        1,
        null,
        1,
        null,
        null,
        null
      ],
      "/Users/cajugler/ada/project_forks/ada-capstone/app/models/category.rb": [
        1,
        null,
        1,
        null,
        null,
        1,
        null
      ],
      "/Users/cajugler/ada/project_forks/ada-capstone/app/helpers/application_helper.rb": [
        1,
        null
      ],
      "/Users/cajugler/ada/project_forks/ada-capstone/app/helpers/sessions_helper.rb": [
        1,
        null
      ],
      "/Users/cajugler/ada/project_forks/ada-capstone/app/helpers/users_helper.rb": [
        1,
        null
      ],
      "/Users/cajugler/ada/project_forks/ada-capstone/app/controllers/cities_controller.rb": [
        1,
        null,
        1,
        2,
        null,
        2,
        1,
        null,
        1,
        null,
        null,
        null,
        1,
        2,
        null,
        2,
        null,
        2,
        null,
        2,
        1,
        null,
        1,
        null,
        null,
        null,
        1,
        null,
        1,
        2,
        null,
        null,
        1,
        2,
        null,
        2,
        4,
        4,
        null,
        null,
        null,
        null,
        null
      ],
      "/Users/cajugler/ada/project_forks/ada-capstone/app/controllers/application_controller.rb": [
        1,
        null,
        null,
        null
      ],
      "/Users/cajugler/ada/project_forks/ada-capstone/app/controllers/places_controller.rb": [
        1,
        null,
        null,
        null,
        null,
        null,
        null,
        null,
        null,
        null,
        null,
        1,
        1,
        null,
        1,
        0,
        null,
        1,
        null,
        null,
        null,
        1,
        1,
        null,
        1,
        null,
        1,
        null,
        1,
        1,
        null,
        0,
        null,
        null,
        null,
        null,
        null,
        1,
        null,
        null,
        null,
        null,
        null,
        null,
        1,
        null,
        1,
        null,
        1,
        null,
        1,
        null,
        null,
        1,
        null,
        1,
        1,
        null,
        null,
        1,
        1,
        null,
        1,
        2,
        2,
        null,
        null,
        null,
        null,
        1,
        1,
        1,
        1,
        null,
        1,
        null,
        null,
        null,
        null,
        null,
        null,
        null,
        null,
        null,
        null,
        null,
        null,
        null,
        null,
        1,
        null,
        null,
        null,
        null,
        null,
        null,
        null,
        null,
        null,
        null,
        null,
        null,
        null,
        null,
        null,
        null,
        null,
        null,
        null,
        null,
        null,
        null,
        null,
        null,
        null,
        null,
        null,
        null,
        null,
        null,
        null,
        null,
        null,
        null,
        null,
        null,
        null
      ],
      "/Users/cajugler/ada/project_forks/ada-capstone/app/controllers/sessions_controller.rb": [
        1,
        null,
        1,
        1,
        null,
        1,
        1,
        1,
        null,
        0,
        null,
        null,
        null,
        null
      ],
      "/Users/cajugler/ada/project_forks/ada-capstone/app/controllers/users_controller.rb": [
        1,
        null,
        null,
        1,
        1,
        1,
        1,
        1,
        null,
        0,
        null,
        null,
        null,
        1,
        null,
        1,
        1,
        null,
        null
      ],
      "/Users/cajugler/ada/project_forks/ada-capstone/app/models/answer.rb": [
        1,
        null,
        1,
        null,
        null,
        1,
        1,
        null,
        null,
        null
      ],
      "/Users/cajugler/ada/project_forks/ada-capstone/app/models/city.rb": [
        1,
        null,
        1,
        1,
        null,
        null,
        1,
        null,
        1,
        null,
        null,
        null
      ],
      "/Users/cajugler/ada/project_forks/ada-capstone/app/models/country.rb": [
        1,
        null,
        1,
        1,
        null,
        null,
        1,
        null
      ],
      "/Users/cajugler/ada/project_forks/ada-capstone/app/models/culture.rb": [
        1,
        null,
        1,
        null
      ],
      "/Users/cajugler/ada/project_forks/ada-capstone/app/models/place_type.rb": [
        1,
        null,
        1,
        null
      ],
      "/Users/cajugler/ada/project_forks/ada-capstone/app/models/prov.rb": [
        1,
        null,
        1,
        1,
        1,
        null,
        null,
        1,
        1,
        null,
        null
      ],
      "/Users/cajugler/ada/project_forks/ada-capstone/app/models/question.rb": [
        1,
        null,
        1,
        null,
        null,
        1,
        null
      ],
      "/Users/cajugler/ada/project_forks/ada-capstone/app/models/rating.rb": [
        1,
        null,
        1,
        1,
        null,
        null,
        1,
        null,
        null
      ],
      "/Users/cajugler/ada/project_forks/ada-capstone/app/models/user.rb": [
        1,
        1,
        null,
        null,
        1,
        1,
        null,
        null,
        1,
        1,
        null,
        null,
        null,
        null,
        null
      ]
    },
    "timestamp": 1444877307
  }
}
